<?xml version="1.0" encoding="UTF-8"?>
<!-- Generated by org.testng.reporters.JUnitReportReporter -->
<testsuite hostname="INBASDLP01735" name="testCases.NewTest" tests="1" failures="0" timestamp="27 Feb 2018 09:36:54 GMT" time="29.240" errors="0">
  <testcase name="openMyFBPage" time="29.240" classname="testCases.NewTest"/>
</testsuite> <!-- testCases.NewTest -->
